-------------------------------------------------------------------------------
Test set: com.tyraka.server.ServerApplicationTests
-------------------------------------------------------------------------------
Tests run: 1, Failures: 0, Errors: 1, Skipped: 0, Time elapsed: 2.103 s <<< FAILURE! - in com.tyraka.server.ServerApplicationTests
contextLoads(com.tyraka.server.ServerApplicationTests)  Time elapsed: 0.001 s  <<< ERROR!
java.lang.IllegalStateException: Failed to load ApplicationContext
Caused by: org.springframework.beans.factory.UnsatisfiedDependencyException: Error creating bean with name 'bodyController': Unsatisfied dependency expressed through field 'bodyService'; nested exception is org.springframework.beans.factory.UnsatisfiedDependencyException: Error creating bean with name 'bodyServiceImpl': Unsatisfied dependency expressed through field 'bodyRepository'; nested exception is org.springframework.beans.factory.BeanCreationException: Error creating bean with name 'bodyRepository': Post-processing of merged bean definition failed; nested exception is java.lang.NoSuchMethodError: javax.persistence.PersistenceContext.synchronization()Ljavax/persistence/SynchronizationType;
Caused by: org.springframework.beans.factory.UnsatisfiedDependencyException: Error creating bean with name 'bodyServiceImpl': Unsatisfied dependency expressed through field 'bodyRepository'; nested exception is org.springframework.beans.factory.BeanCreationException: Error creating bean with name 'bodyRepository': Post-processing of merged bean definition failed; nested exception is java.lang.NoSuchMethodError: javax.persistence.PersistenceContext.synchronization()Ljavax/persistence/SynchronizationType;
Caused by: org.springframework.beans.factory.BeanCreationException: Error creating bean with name 'bodyRepository': Post-processing of merged bean definition failed; nested exception is java.lang.NoSuchMethodError: javax.persistence.PersistenceContext.synchronization()Ljavax/persistence/SynchronizationType;
Caused by: java.lang.NoSuchMethodError: javax.persistence.PersistenceContext.synchronization()Ljavax/persistence/SynchronizationType;

